00:00:00.036355 main     VirtualBox XPCOM Server 6.0.0 r127566 linux.amd64 (Dec 18 2018 13:18:17) release log
00:00:00.036365 main     Log opened 2020-07-22T12:37:48.008172000Z
00:00:00.036368 main     Build Type: release
00:00:00.036379 main     OS Product: Linux
00:00:00.036383 main     OS Release: 4.15.0-54-generic
00:00:00.036394 main     OS Version: #58-Ubuntu SMP Mon Jun 24 10:55:24 UTC 2019
00:00:00.036431 main     DMI Product Name: NEON HNM MODEL
00:00:00.036445 main     DMI Product Version: Not Applicable
00:00:00.036523 main     Host RAM: 1775MB total, 1344MB available
00:00:00.036526 main     Executable: /usr/lib/virtualbox/VBoxSVC
00:00:00.036527 main     Process ID: 5208
00:00:00.036527 main     Package type: LINUX_64BITS__UBUNTU_18_04
00:00:00.038554 main     IPC socket path: /tmp/.vbox-ridho-ipc/ipcd
00:00:00.159577 nspr-2   VirtualBox: object creation starts
00:00:00.165381 nspr-2   Home directory: '/home/ridho/.config/VirtualBox'
00:00:00.186164 nspr-2   Loading settings file "/home/ridho/.config/VirtualBox/VirtualBox.xml" with version "1.12-linux"
00:00:00.254073 nspr-2   NetIfAdpCtlOut: VBoxNetAdpCtl: Error while retrieving link speed for wlp2s0: VBoxNetAdpCtl: ioctl failed: Operation not supported
00:00:00.262834 nspr-2   NAT: resolv.conf: nameserver 127.0.0.53
00:00:00.262884 nspr-2   NAT: resolv.conf: ignoring "options edns0"
00:00:00.262909 nspr-2   HostDnsMonitor::updateInfo
00:00:00.262941 nspr-2   HostDnsMonitor: old information
00:00:00.262951 nspr-2     no server entries
00:00:00.262960 nspr-2     no domain set
00:00:00.262968 nspr-2     no search string entries
00:00:00.262976 nspr-2   HostDnsMonitor: new information
00:00:00.262984 nspr-2     server 1: 127.0.0.53
00:00:00.262994 nspr-2     no domain set
00:00:00.263001 nspr-2     no search string entries
00:00:00.344100 nspr-2   VD: VDInit finished with VINF_SUCCESS
00:00:00.511184 nspr-2   Loading settings file "/home/ridho/VirtualBox VMs/Debian/Debian.vbox" with version "1.16-linux"
00:00:00.542867 nspr-2   OCI: Local config file '/home/ridho/.config/VirtualBox/oci_config' does not exist
00:00:00.542903 nspr-2   OCI: Original config file '/home/ridho/.oci/config' does not exist
00:00:00.542909 nspr-2   OCI: Reading profiles finished with status NS_OK
00:00:00.542920 nspr-2   ExtPack: Created cloud provider 'OCI' (hrc=NS_OK)
00:00:00.542951 nspr-2   VirtualBox: object created
00:00:02.914312 nspr-2   WARNING [COM]: aRC=NS_ERROR_FAILURE (0x80004005) aIID={dbe11e5f-7f10-46e7-94c4-1e95bf4b6627} aComponent={HostWrap} aText={VirtualBox is not currently allowed to access USB devices.  You can change this by adding your user to the 'vboxusers' group.  Please see the user manual for a more detailed explanation}, preserve=true  aResultDetail=0
00:00:03.307906 nspr-5   WARNING [COM]: aRC=NS_ERROR_FAILURE (0x80004005) aIID={dbe11e5f-7f10-46e7-94c4-1e95bf4b6627} aComponent={HostWrap} aText={VirtualBox is not currently allowed to access USB devices.  You can change this by adding your user to the 'vboxusers' group.  Please see the user manual for a more detailed explanation}, preserve=true  aResultDetail=0
00:00:03.309990 nspr-4   WARNING [COM]: aRC=NS_ERROR_FAILURE (0x80004005) aIID={dbe11e5f-7f10-46e7-94c4-1e95bf4b6627} aComponent={HostWrap} aText={VirtualBox is not currently allowed to access USB devices.  You can change this by adding your user to the 'vboxusers' group.  Please see the user manual for a more detailed explanation}, preserve=true  aResultDetail=0
00:00:05.576369 nspr-4   Saving settings file "/home/ridho/.config/VirtualBox/VirtualBox.xml" with version "1.12-linux"
00:00:05.655803 nspr-5   Saving settings file "/home/ridho/.config/VirtualBox/VirtualBox.xml" with version "1.12-linux"
00:00:14.407266 nspr-4   Saving settings file "/home/ridho/.config/VirtualBox/VirtualBox.xml" with version "1.12-linux"
00:00:14.714010 nspr-4   WARNING [COM]: aRC=NS_ERROR_FAILURE (0x80004005) aIID={dbe11e5f-7f10-46e7-94c4-1e95bf4b6627} aComponent={HostWrap} aText={VirtualBox is not currently allowed to access USB devices.  You can change this by adding your user to the 'vboxusers' group.  Please see the user manual for a more detailed explanation}, preserve=true  aResultDetail=0
00:00:14.716076 nspr-4   WARNING [COM]: aRC=NS_ERROR_FAILURE (0x80004005) aIID={dbe11e5f-7f10-46e7-94c4-1e95bf4b6627} aComponent={HostWrap} aText={VirtualBox is not currently allowed to access USB devices.  You can change this by adding your user to the 'vboxusers' group.  Please see the user manual for a more detailed explanation}, preserve=true  aResultDetail=0
00:00:15.444575 nspr-4   WARNING [COM]: aRC=NS_ERROR_FAILURE (0x80004005) aIID={dbe11e5f-7f10-46e7-94c4-1e95bf4b6627} aComponent={HostWrap} aText={VirtualBox is not currently allowed to access USB devices.  You can change this by adding your user to the 'vboxusers' group.  Please see the user manual for a more detailed explanation}, preserve=true  aResultDetail=0
00:00:15.446974 nspr-5   WARNING [COM]: aRC=NS_ERROR_FAILURE (0x80004005) aIID={dbe11e5f-7f10-46e7-94c4-1e95bf4b6627} aComponent={HostWrap} aText={VirtualBox is not currently allowed to access USB devices.  You can change this by adding your user to the 'vboxusers' group.  Please see the user manual for a more detailed explanation}, preserve=true  aResultDetail=0
00:00:19.491711 nspr-5   Saving settings file "/home/ridho/.config/VirtualBox/VirtualBox.xml" with version "1.12-linux"
00:00:19.589011 nspr-5   Saving settings file "/home/ridho/.config/VirtualBox/VirtualBox.xml" with version "1.12-linux"
00:00:25.161388 main     VirtualBox: object deletion starts
00:00:25.551297 Watcher  ERROR [COM]: aRC=E_ACCESSDENIED (0x80070005) aIID={d0a0163f-e254-4e5b-a1f2-011cf991c38d} aComponent={VirtualBoxWrap} aText={The object is not ready}, preserve=false aResultDetail=0
00:00:30.162267 main     {00007f0448017d80} HostPowerServiceLinux::~HostPowerServiceLinux: RTThreadWait() for 5000 ms failed with VERR_TIMEOUT
00:00:30.163277 main     VirtualBox: object deleted
