Desktop is 1366 x 768 @ 60 Hz
New context 0xbf66190 created with attributes:
Initialize engine version: 2017.4.40f1 (6e14067f8a9a)
GfxDevice: creating device client; threaded=1
Renderer: Mesa DRI Intel(R) Sandybridge Mobile x86/MMX/SSE2
Vendor:   Intel Open Source Technology Center
Version:  3.3 (Core Profile) Mesa 19.2.8
GLES:     0
 GL_3DFX_texture_compression_FXT1 GL_AMD_draw_buffers_blend GL_AMD_seamless_cubemap_per_texture GL_AMD_shader_trinary_minmax GL_AMD_texture_texture4 GL_AMD_vertex_shader_layer GL_AMD_vertex_shader_viewport_index GL_ANGLE_texture_compression_dxt3 GL_ANGLE_texture_compression_dxt5 GL_APPLE_object_purgeable GL_ARB_ES2_compatibility GL_ARB_ES3_compatibility GL_ARB_arrays_of_arrays GL_ARB_base_instance GL_ARB_blend_func_extended GL_ARB_buffer_storage GL_ARB_clear_buffer_object GL_ARB_clear_texture GL_ARB_clip_control GL_ARB_compressed_texture_pixel_storage GL_ARB_conditional_render_inverted GL_ARB_copy_buffer GL_ARB_copy_image GL_ARB_cull_distance GL_ARB_debug_output GL_ARB_depth_buffer_float GL_ARB_depth_clamp GL_ARB_direct_state_access GL_ARB_draw_buffers GL_ARB_draw_buffers_blend GL_ARB_draw_elements_base_vertex GL_ARB_draw_instanced GL_ARB_enhanced_layouts GL_ARB_explicit_attrib_location GL_ARB_explicit_uniform_location GL_ARB_fragment_coord_conventions GL_ARB_fragment_layer_viewport GL_ARB_fragment_shader GL
_ARB_framebuffer_object GL_ARB_framebuffer_sRGB GL_ARB_get_program_binary GL_ARB_get_texture_sub_image GL_ARB_half_float_pixel GL_ARB_half_float_vertex GL_ARB_instanced_arrays GL_ARB_internalformat_query GL_ARB_internalformat_query2 GL_ARB_invalidate_subdata GL_ARB_map_buffer_alignment GL_ARB_map_buffer_range GL_ARB_multi_bind GL_ARB_occlusion_query2 GL_ARB_parallel_shader_compile GL_ARB_pipeline_statistics_query GL_ARB_pixel_buffer_object GL_ARB_point_sprite GL_ARB_polygon_offset_clamp GL_ARB_program_interface_query GL_ARB_provoking_vertex GL_ARB_robustness GL_ARB_sample_shading GL_ARB_sampler_objects GL_ARB_seamless_cube_map GL_ARB_seamless_cubemap_per_texture GL_ARB_separate_shader_objects GL_ARB_shader_bit_encoding GL_ARB_shader_draw_parameters GL_ARB_shader_group_vote GL_ARB_shader_objects GL_ARB_shader_subroutine GL_ARB_shader_texture_lod GL_ARB_shader_viewport_layer_array GL_ARB_shading_language_420pack GL_ARB_shading_language_packing GL_ARB_sync GL_ARB_texture_barrier GL_ARB_texture_buffer_object GL_
ARB_texture_buffer_object_rgb32 GL_ARB_texture_buffer_range GL_ARB_texture_compression_rgtc GL_ARB_texture_cube_map_array GL_ARB_texture_filter_anisotropic GL_ARB_texture_float GL_ARB_texture_gather GL_ARB_texture_mirror_clamp_to_edge GL_ARB_texture_multisample GL_ARB_texture_non_power_of_two GL_ARB_texture_query_levels GL_ARB_texture_query_lod GL_ARB_texture_rectangle GL_ARB_texture_rg GL_ARB_texture_rgb10_a2ui GL_ARB_texture_storage GL_ARB_texture_storage_multisample GL_ARB_texture_swizzle GL_ARB_timer_query GL_ARB_transform_feedback2 GL_ARB_transform_feedback_overflow_query GL_ARB_uniform_buffer_object GL_ARB_vertex_array_bgra GL_ARB_vertex_array_object GL_ARB_vertex_attrib_binding GL_ARB_vertex_buffer_object GL_ARB_vertex_shader GL_ARB_vertex_type_10f_11f_11f_rev GL_ARB_vertex_type_2_10_10_10_rev GL_ARB_viewport_array GL_ATI_blend_equation_separate GL_ATI_texture_float GL_EXT_abgr GL_EXT_blend_equation_separate GL_EXT_draw_buffers2 GL_EXT_draw_instanced GL_EXT_framebuffer_blit GL_EXT_framebuffer_multisam
ple GL_EXT_framebuffer_multisample_blit_scaled GL_EXT_framebuffer_object GL_EXT_framebuffer_sRGB GL_EXT_packed_depth_stencil GL_EXT_packed_float GL_EXT_pixel_buffer_object GL_EXT_polygon_offset_clamp GL_EXT_provoking_vertex GL_EXT_shader_framebuffer_fetch_non_coherent GL_EXT_shader_integer_mix GL_EXT_texture_array GL_EXT_texture_compression_dxt1 GL_EXT_texture_compression_rgtc GL_EXT_texture_compression_s3tc GL_EXT_texture_filter_anisotropic GL_EXT_texture_integer GL_EXT_texture_sRGB GL_EXT_texture_sRGB_R8 GL_EXT_texture_sRGB_decode GL_EXT_texture_shadow_lod GL_EXT_texture_shared_exponent GL_EXT_texture_snorm GL_EXT_texture_swizzle GL_EXT_timer_query GL_EXT_transform_feedback GL_EXT_vertex_array_bgra GL_IBM_multimode_draw_arrays GL_INTEL_performance_query GL_KHR_blend_equation_advanced GL_KHR_context_flush_control GL_KHR_debug GL_KHR_no_error GL_KHR_parallel_shader_compile GL_KHR_robustness GL_MESA_pack_invert GL_MESA_shader_integer_functions GL_MESA_texture_signed_rgba GL_NV_conditional_render GL_NV_depth_c
lamp GL_NV_packed_depth_stencil GL_NV_texture_barrier GL_OES_EGL_image GL_S3_s3tc
OPENGL LOG: Creating OpenGL 3.3 graphics device ; Context level  <OpenGL 3.3> ; Context handle 200696208
AudioManager: Using PulseAudio: Default Output Device
Begin MonoManager ReloadAssembly
- Completed reload, in  0.398 seconds
WARNING: Shader Unsupported: 'Hidden/BlitToDepth' - Pass '' has no vertex shader
WARNING: Shader Unsupported: 'Hidden/BlitToDepth' - Setting to default shader.
WARNING: Shader Unsupported: 'Hidden/BlitToDepth_MSAA' - Pass '' has no vertex shader
WARNING: Shader Unsupported: 'Hidden/BlitToDepth_MSAA' - Setting to default shader.
New context 0xc5ae600 created with attributes:
Default vsync count 2
requesting resize 1280 x 720
resizing window to 1280 x 720
Desktop is 1366 x 768 @ 60 Hz
The referenced script on this Behaviour (Game Object 'SteamNotInitializedMessage') is missing!
 
(Filename:  Line: 1758)

UnloadTime: 2.015000 ms
GameConfig: Downloading GameConfig from: https://games.homenetgames.com/ThePirate/Steam/GameConfig.txt
 
(Filename: /home/builduser/buildslave/unity/build/artifacts/generated/common/runtime/DebugBindings.gen.cpp Line: 51)

Unloading 7 Unused Serialized files (Serialized files now loaded: 0)
UnloadTime: 1.915000 ms

Unloading 10 unused Assets to reduce memory usage. Loaded Objects now: 3743.
Total: 3.684000 ms (FindLiveObjects: 0.583000 ms CreateObjectMapping: 0.105000 ms MarkObjects: 2.945000 ms  DeleteObjects: 0.050000 ms)

Unloading 5 Unused Serialized files (Serialized files now loaded: 0)
WARNING: -453980192 format is not supported, decompressing texture
UnloadTime: 2.720000 ms

Unloading 125 unused Assets to reduce memory usage. Loaded Objects now: 3001.
Total: 4.549000 ms (FindLiveObjects: 0.483000 ms CreateObjectMapping: 0.091000 ms MarkObjects: 2.986000 ms  DeleteObjects: 0.989000 ms)

Opt-out preferences successfully retrieved, applied and saved:
{"optOut":false,"analyticsEnabled":true,"deviceStatsEnabled":true,"limitUserTracking":false,"performanceReportingEnabled":true}
 
(Filename: /home/builduser/buildslave/unity/build/artifacts/generated/common/runtime/DebugBindings.gen.cpp Line: 51)

GameConfig: Download GameConfig succeeded.
 
(Filename: /home/builduser/buildslave/unity/build/artifacts/generated/common/runtime/DebugBindings.gen.cpp Line: 51)

GameConfig: CheckDownloadNewerLanguage curr=EN verCurr=9.5 verCurrNum=9050000 verNew=9.5 verNewNum=9050000
 
(Filename: /home/builduser/buildslave/unity/build/artifacts/generated/common/runtime/DebugBindings.gen.cpp Line: 51)

Unloading 4 Unused Serialized files (Serialized files now loaded: 0)
UnloadTime: 5.630000 ms

Unloading 115 unused Assets to reduce memory usage. Loaded Objects now: 1469.
Total: 9.435000 ms (FindLiveObjects: 0.547000 ms CreateObjectMapping: 0.202000 ms MarkObjects: 5.305000 ms  DeleteObjects: 3.379000 ms)

The referenced script on this Behaviour is missing!
 
(Filename:  Line: 1515)

The referenced script on this Behaviour is missing!
 
(Filename:  Line: 1515)

The referenced script on this Behaviour (Game Object 'Water_bottom') is missing!
 
(Filename:  Line: 1758)

A script behaviour (probably MTerrain?) has a different serialization layout when loading. (Read 32 bytes but expected 124 bytes)
Did you #ifdef UNITY_EDITOR a section of your serialized properties in any of your scripts?
 
(Filename:  Line: 1922)

The referenced script on this Behaviour (Game Object 'Water') is missing!
 
(Filename:  Line: 1758)

A script behaviour (probably MTerrain?) has a different serialization layout when loading. (Read 32 bytes but expected 124 bytes)
Did you #ifdef UNITY_EDITOR a section of your serialized properties in any of your scripts?
 
(Filename:  Line: 1922)

Unloading 7 Unused Serialized files (Serialized files now loaded: 0)
Shader 'Custom/Progress': fallback shader 'Additive' not found
UnloadTime: 8.735000 ms

Unloading 548 unused Assets to reduce memory usage. Loaded Objects now: 25964.
Total: 39.644000 ms (FindLiveObjects: 7.279000 ms CreateObjectMapping: 1.444000 ms MarkObjects: 18.838000 ms  DeleteObjects: 12.079000 ms)

The referenced script on this Behaviour is missing!
 
(Filename:  Line: 1515)

The referenced script on this Behaviour is missing!
 
(Filename:  Line: 1515)

The referenced script on this Behaviour (Game Object 'Water_bottom') is missing!
 
(Filename:  Line: 1758)

A script behaviour (probably MTerrain?) has a different serialization layout when loading. (Read 32 bytes but expected 124 bytes)
Did you #ifdef UNITY_EDITOR a section of your serialized properties in any of your scripts?
 
(Filename:  Line: 1922)

The referenced script on this Behaviour (Game Object 'Water') is missing!
 
(Filename:  Line: 1758)

A script behaviour (probably MTerrain?) has a different serialization layout when loading. (Read 32 bytes but expected 124 bytes)
Did you #ifdef UNITY_EDITOR a section of your serialized properties in any of your scripts?
 
(Filename:  Line: 1922)

Unloading 7 Unused Serialized files (Serialized files now loaded: 0)
UnloadTime: 61.549000 ms

Unloading 5459 unused Assets to reduce memory usage. Loaded Objects now: 25770.
Total: 58.867000 ms (FindLiveObjects: 6.016000 ms CreateObjectMapping: 3.684000 ms MarkObjects: 19.626000 ms  DeleteObjects: 29.539000 ms)

The referenced script on this Behaviour is missing!
 
(Filename:  Line: 1515)

The referenced script on this Behaviour is missing!
 
(Filename:  Line: 1515)

The referenced script on this Behaviour (Game Object 'Water_bottom') is missing!
 
(Filename:  Line: 1758)

A script behaviour (probably MTerrain?) has a different serialization layout when loading. (Read 32 bytes but expected 124 bytes)
Did you #ifdef UNITY_EDITOR a section of your serialized properties in any of your scripts?
 
(Filename:  Line: 1922)

The referenced script on this Behaviour (Game Object 'Water') is missing!
 
(Filename:  Line: 1758)

A script behaviour (probably MTerrain?) has a different serialization layout when loading. (Read 32 bytes but expected 124 bytes)
Did you #ifdef UNITY_EDITOR a section of your serialized properties in any of your scripts?
 
(Filename:  Line: 1922)

Unloading 7 Unused Serialized files (Serialized files now loaded: 0)
UnloadTime: 25.005000 ms

Unloading 5505 unused Assets to reduce memory usage. Loaded Objects now: 26266.
Total: 34.520000 ms (FindLiveObjects: 4.142000 ms CreateObjectMapping: 2.503000 ms MarkObjects: 10.767000 ms  DeleteObjects: 17.106000 ms)

The referenced script on this Behaviour is missing!
 
(Filename:  Line: 1515)

The referenced script on this Behaviour is missing!
 
(Filename:  Line: 1515)

The referenced script on this Behaviour (Game Object 'Water_bottom') is missing!
 
(Filename:  Line: 1758)

A script behaviour (probably MTerrain?) has a different serialization layout when loading. (Read 32 bytes but expected 124 bytes)
Did you #ifdef UNITY_EDITOR a section of your serialized properties in any of your scripts?
 
(Filename:  Line: 1922)

The referenced script on this Behaviour (Game Object 'Water') is missing!
 
(Filename:  Line: 1758)

A script behaviour (probably MTerrain?) has a different serialization layout when loading. (Read 32 bytes but expected 124 bytes)
Did you #ifdef UNITY_EDITOR a section of your serialized properties in any of your scripts?
 
(Filename:  Line: 1922)

Unloading 7 Unused Serialized files (Serialized files now loaded: 0)
UnloadTime: 30.280000 ms

Unloading 5859 unused Assets to reduce memory usage. Loaded Objects now: 26299.
Total: 36.529000 ms (FindLiveObjects: 5.864000 ms CreateObjectMapping: 3.574000 ms MarkObjects: 9.855000 ms  DeleteObjects: 17.235000 ms)

The referenced script on this Behaviour is missing!
 
(Filename:  Line: 1515)

The referenced script on this Behaviour is missing!
 
(Filename:  Line: 1515)

The referenced script on this Behaviour (Game Object 'Water_bottom') is missing!
 
(Filename:  Line: 1758)

A script behaviour (probably MTerrain?) has a different serialization layout when loading. (Read 32 bytes but expected 124 bytes)
Did you #ifdef UNITY_EDITOR a section of your serialized properties in any of your scripts?
 
(Filename:  Line: 1922)

The referenced script on this Behaviour (Game Object 'Water') is missing!
 
(Filename:  Line: 1758)

A script behaviour (probably MTerrain?) has a different serialization layout when loading. (Read 32 bytes but expected 124 bytes)
Did you #ifdef UNITY_EDITOR a section of your serialized properties in any of your scripts?
 
(Filename:  Line: 1922)

Unloading 7 Unused Serialized files (Serialized files now loaded: 0)
UnloadTime: 59.693000 ms

Unloading 5924 unused Assets to reduce memory usage. Loaded Objects now: 26299.
Total: 66.611000 ms (FindLiveObjects: 5.927000 ms CreateObjectMapping: 3.467000 ms MarkObjects: 20.036000 ms  DeleteObjects: 37.179000 ms)

The referenced script on this Behaviour is missing!
 
(Filename:  Line: 1515)

The referenced script on this Behaviour is missing!
 
(Filename:  Line: 1515)

The referenced script on this Behaviour (Game Object 'Water_bottom') is missing!
 
(Filename:  Line: 1758)

A script behaviour (probably MTerrain?) has a different serialization layout when loading. (Read 32 bytes but expected 124 bytes)
Did you #ifdef UNITY_EDITOR a section of your serialized properties in any of your scripts?
 
(Filename:  Line: 1922)

The referenced script on this Behaviour (Game Object 'Water') is missing!
 
(Filename:  Line: 1758)

A script behaviour (probably MTerrain?) has a different serialization layout when loading. (Read 32 bytes but expected 124 bytes)
Did you #ifdef UNITY_EDITOR a section of your serialized properties in any of your scripts?
 
(Filename:  Line: 1922)

Unloading 7 Unused Serialized files (Serialized files now loaded: 0)
UnloadTime: 29.198000 ms

Unloading 5694 unused Assets to reduce memory usage. Loaded Objects now: 26300.
Total: 34.420000 ms (FindLiveObjects: 4.153000 ms CreateObjectMapping: 2.472000 ms MarkObjects: 11.281000 ms  DeleteObjects: 16.514000 ms)

Unloading 5 Unused Serialized files (Serialized files now loaded: 0)
WARNING: -957775760 format is not supported, decompressing texture
UnloadTime: 26.172000 ms

Unloading 6376 unused Assets to reduce memory usage. Loaded Objects now: 4366.
Total: 38.068000 ms (FindLiveObjects: 1.550000 ms CreateObjectMapping: 0.870000 ms MarkObjects: 6.069000 ms  DeleteObjects: 29.579000 ms)

Setting up 2 worker threads for Enlighten.
  Thread -> id: cd73cb40 -> priority: 1 
  Thread -> id: ccf3bb40 -> priority: 1 
